Analysis & Synthesis report for ergasia2h
Fri May 28 17:39:19 2021
Quartus Prime Version 19.1.0 Build 670 09/22/2019 SJ Lite Edition


---------------------
; Table of Contents ;
---------------------
  1. Legal Notice
  2. Analysis & Synthesis Summary
  3. Analysis & Synthesis Settings
  4. Parallel Compilation
  5. Analysis & Synthesis Source Files Read
  6. Analysis & Synthesis Resource Usage Summary
  7. Analysis & Synthesis Resource Utilization by Entity
  8. General Register Statistics
  9. Analysis & Synthesis Messages



----------------
; Legal Notice ;
----------------
Copyright (C) 2019  Intel Corporation. All rights reserved.
Your use of Intel Corporation's design tools, logic functions 
and other software and tools, and any partner logic 
functions, and any output files from any of the foregoing 
(including device programming or simulation files), and any 
associated documentation or information are expressly subject 
to the terms and conditions of the Intel Program License 
Subscription Agreement, the Intel Quartus Prime License Agreement,
the Intel FPGA IP License Agreement, or other applicable license
agreement, including, without limitation, that your use is for
the sole purpose of programming logic devices manufactured by
Intel and sold by Intel or its authorized distributors.  Please
refer to the applicable agreement for further details, at
https://fpgasoftware.intel.com/eula.



+---------------------------------------------------------------------------+
; Analysis & Synthesis Summary                                              ;
+-----------------------------+---------------------------------------------+
; Analysis & Synthesis Status ; Successful - Fri May 28 17:39:19 2021       ;
; Quartus Prime Version       ; 19.1.0 Build 670 09/22/2019 SJ Lite Edition ;
; Revision Name               ; ergasia2h                                   ;
; Top-level Entity Name       ; proto2h                                     ;
; Family                      ; MAX V                                       ;
; Total logic elements        ; 5                                           ;
; Total pins                  ; 9                                           ;
; Total virtual pins          ; 0                                           ;
; UFM blocks                  ; 0 / 1 ( 0 % )                               ;
+-----------------------------+---------------------------------------------+


+------------------------------------------------------------------------------------------------------------+
; Analysis & Synthesis Settings                                                                              ;
+------------------------------------------------------------------+--------------------+--------------------+
; Option                                                           ; Setting            ; Default Value      ;
+------------------------------------------------------------------+--------------------+--------------------+
; Top-level entity name                                            ; proto2h            ; ergasia2h          ;
; Family name                                                      ; MAX V              ; Cyclone V          ;
; Use smart compilation                                            ; Off                ; Off                ;
; Enable parallel Assembler and Timing Analyzer during compilation ; On                 ; On                 ;
; Enable compact report table                                      ; Off                ; Off                ;
; Restructure Multiplexers                                         ; Auto               ; Auto               ;
; Create Debugging Nodes for IP Cores                              ; Off                ; Off                ;
; Preserve fewer node names                                        ; On                 ; On                 ;
; Intel FPGA IP Evaluation Mode                                    ; Enable             ; Enable             ;
; Verilog Version                                                  ; Verilog_2001       ; Verilog_2001       ;
; VHDL Version                                                     ; VHDL_1993          ; VHDL_1993          ;
; State Machine Processing                                         ; Auto               ; Auto               ;
; Safe State Machine                                               ; Off                ; Off                ;
; Extract Verilog State Machines                                   ; On                 ; On                 ;
; Extract VHDL State Machines                                      ; On                 ; On                 ;
; Ignore Verilog initial constructs                                ; Off                ; Off                ;
; Iteration limit for constant Verilog loops                       ; 5000               ; 5000               ;
; Iteration limit for non-constant Verilog loops                   ; 250                ; 250                ;
; Add Pass-Through Logic to Inferred RAMs                          ; On                 ; On                 ;
; Infer RAMs from Raw Logic                                        ; On                 ; On                 ;
; Parallel Synthesis                                               ; On                 ; On                 ;
; NOT Gate Push-Back                                               ; On                 ; On                 ;
; Power-Up Don't Care                                              ; On                 ; On                 ;
; Remove Redundant Logic Cells                                     ; Off                ; Off                ;
; Remove Duplicate Registers                                       ; On                 ; On                 ;
; Ignore CARRY Buffers                                             ; Off                ; Off                ;
; Ignore CASCADE Buffers                                           ; Off                ; Off                ;
; Ignore GLOBAL Buffers                                            ; Off                ; Off                ;
; Ignore ROW GLOBAL Buffers                                        ; Off                ; Off                ;
; Ignore LCELL Buffers                                             ; Off                ; Off                ;
; Ignore SOFT Buffers                                              ; On                 ; On                 ;
; Limit AHDL Integers to 32 Bits                                   ; Off                ; Off                ;
; Optimization Technique                                           ; Balanced           ; Balanced           ;
; Carry Chain Length                                               ; 70                 ; 70                 ;
; Auto Carry Chains                                                ; On                 ; On                 ;
; Auto Open-Drain Pins                                             ; On                 ; On                 ;
; Perform WYSIWYG Primitive Resynthesis                            ; Off                ; Off                ;
; Auto Shift Register Replacement                                  ; Auto               ; Auto               ;
; Allow Shift Register Merging across Hierarchies                  ; Auto               ; Auto               ;
; Auto Clock Enable Replacement                                    ; On                 ; On                 ;
; Allow Synchronous Control Signals                                ; On                 ; On                 ;
; Force Use of Synchronous Clear Signals                           ; Off                ; Off                ;
; Auto Resource Sharing                                            ; Off                ; Off                ;
; Use LogicLock Constraints during Resource Balancing              ; On                 ; On                 ;
; Ignore translate_off and synthesis_off directives                ; Off                ; Off                ;
; Report Parameter Settings                                        ; On                 ; On                 ;
; Report Source Assignments                                        ; On                 ; On                 ;
; Report Connectivity Checks                                       ; On                 ; On                 ;
; Ignore Maximum Fan-Out Assignments                               ; Off                ; Off                ;
; Synchronization Register Chain Length                            ; 2                  ; 2                  ;
; Power Optimization During Synthesis                              ; Normal compilation ; Normal compilation ;
; HDL message level                                                ; Level2             ; Level2             ;
; Suppress Register Optimization Related Messages                  ; Off                ; Off                ;
; Number of Removed Registers Reported in Synthesis Report         ; 5000               ; 5000               ;
; Number of Swept Nodes Reported in Synthesis Report               ; 5000               ; 5000               ;
; Number of Inverted Registers Reported in Synthesis Report        ; 100                ; 100                ;
; Clock MUX Protection                                             ; On                 ; On                 ;
; Block Design Naming                                              ; Auto               ; Auto               ;
; Synthesis Effort                                                 ; Auto               ; Auto               ;
; Shift Register Replacement - Allow Asynchronous Clear Signal     ; On                 ; On                 ;
; Analysis & Synthesis Message Level                               ; Medium             ; Medium             ;
; Disable Register Merging Across Hierarchies                      ; Auto               ; Auto               ;
+------------------------------------------------------------------+--------------------+--------------------+


+------------------------------------------+
; Parallel Compilation                     ;
+----------------------------+-------------+
; Processors                 ; Number      ;
+----------------------------+-------------+
; Number detected on machine ; 8           ;
; Maximum allowed            ; 4           ;
;                            ;             ;
; Average used               ; 1.00        ;
; Maximum used               ; 1           ;
;                            ;             ;
; Usage by Processor         ; % Time Used ;
;     Processor 1            ; 100.0%      ;
+----------------------------+-------------+


+-----------------------------------------------------------------------------------------------------------------------------+
; Analysis & Synthesis Source Files Read                                                                                      ;
+----------------------------------+-----------------+-----------------+--------------------------------------------+---------+
; File Name with User-Entered Path ; Used in Netlist ; File Type       ; File Name with Absolute Path               ; Library ;
+----------------------------------+-----------------+-----------------+--------------------------------------------+---------+
; proto2h.vhdl                     ; yes             ; User VHDL File  ; C:/Quartus2h/ergasia2h(Part1)/proto2h.vhdl ;         ;
+----------------------------------+-----------------+-----------------+--------------------------------------------+---------+


+-----------------------------------------------------+
; Analysis & Synthesis Resource Usage Summary         ;
+---------------------------------------------+-------+
; Resource                                    ; Usage ;
+---------------------------------------------+-------+
; Total logic elements                        ; 5     ;
;     -- Combinational with no register       ; 5     ;
;     -- Register only                        ; 0     ;
;     -- Combinational with a register        ; 0     ;
;                                             ;       ;
; Logic element usage by number of LUT inputs ;       ;
;     -- 4 input functions                    ; 4     ;
;     -- 3 input functions                    ; 0     ;
;     -- 2 input functions                    ; 1     ;
;     -- 1 input functions                    ; 0     ;
;     -- 0 input functions                    ; 0     ;
;                                             ;       ;
; Logic elements by mode                      ;       ;
;     -- normal mode                          ; 5     ;
;     -- arithmetic mode                      ; 0     ;
;     -- qfbk mode                            ; 0     ;
;     -- register cascade mode                ; 0     ;
;     -- synchronous clear/load mode          ; 0     ;
;     -- asynchronous clear/load mode         ; 0     ;
;                                             ;       ;
; Total registers                             ; 0     ;
; I/O pins                                    ; 9     ;
; Maximum fan-out node                        ; b     ;
; Maximum fan-out                             ; 2     ;
; Total fan-out                               ; 20    ;
; Average fan-out                             ; 1.43  ;
+---------------------------------------------+-------+


+--------------------------------------------------------------------------------------------------------------------------------------------------------------------------------------------------------------------------------------+
; Analysis & Synthesis Resource Utilization by Entity                                                                                                                                                                                  ;
+----------------------------+-------------+--------------+------------+------+--------------+--------------+-------------------+------------------+-----------------+------------+-----------------------+-------------+--------------+
; Compilation Hierarchy Node ; Logic Cells ; LC Registers ; UFM Blocks ; Pins ; Virtual Pins ; LUT-Only LCs ; Register-Only LCs ; LUT/Register LCs ; Carry Chain LCs ; Packed LCs ; Full Hierarchy Name   ; Entity Name ; Library Name ;
+----------------------------+-------------+--------------+------------+------+--------------+--------------+-------------------+------------------+-----------------+------------+-----------------------+-------------+--------------+
; |proto2h                   ; 5 (0)       ; 0            ; 0          ; 9    ; 0            ; 5 (0)        ; 0 (0)             ; 0 (0)            ; 0 (0)           ; 0 (0)      ; |proto2h              ; proto2h     ; work         ;
;    |ADD:ADD1|              ; 1 (1)       ; 0            ; 0          ; 0    ; 0            ; 1 (1)        ; 0 (0)             ; 0 (0)            ; 0 (0)           ; 0 (0)      ; |proto2h|ADD:ADD1     ; ADD         ; work         ;
;    |mux2b:MUX_2B|          ; 1 (1)       ; 0            ; 0          ; 0    ; 0            ; 1 (1)        ; 0 (0)             ; 0 (0)            ; 0 (0)           ; 0 (0)      ; |proto2h|mux2b:MUX_2B ; mux2b       ; work         ;
;    |mux4:MUX_4|            ; 3 (3)       ; 0            ; 0          ; 0    ; 0            ; 3 (3)        ; 0 (0)             ; 0 (0)            ; 0 (0)           ; 0 (0)      ; |proto2h|mux4:MUX_4   ; mux4        ; work         ;
+----------------------------+-------------+--------------+------------+------+--------------+--------------+-------------------+------------------+-----------------+------------+-----------------------+-------------+--------------+
Note: For table entries with two numbers listed, the numbers in parentheses indicate the number of resources of the given type used by the specific entity alone. The numbers listed outside of parentheses indicate the total resources of the given type used by the specific entity and all of its sub-entities in the hierarchy.


+------------------------------------------------------+
; General Register Statistics                          ;
+----------------------------------------------+-------+
; Statistic                                    ; Value ;
+----------------------------------------------+-------+
; Total registers                              ; 0     ;
; Number of registers using Synchronous Clear  ; 0     ;
; Number of registers using Synchronous Load   ; 0     ;
; Number of registers using Asynchronous Clear ; 0     ;
; Number of registers using Asynchronous Load  ; 0     ;
; Number of registers using Clock Enable       ; 0     ;
; Number of registers using Preset             ; 0     ;
+----------------------------------------------+-------+


+-------------------------------+
; Analysis & Synthesis Messages ;
+-------------------------------+
Info: *******************************************************************
Info: Running Quartus Prime Analysis & Synthesis
    Info: Version 19.1.0 Build 670 09/22/2019 SJ Lite Edition
    Info: Processing started: Fri May 28 17:39:09 2021
Info: Command: quartus_map --read_settings_files=on --write_settings_files=off ergasia2h -c ergasia2h
Warning (18236): Number of processors has not been specified which may cause overloading on shared machines.  Set the global assignment NUM_PARALLEL_PROCESSORS in your QSF to an appropriate value for best performance.
Info (20030): Parallel compilation is enabled and will use 4 of the 4 processors detected
Info (12021): Found 20 design units, including 10 entities, in source file proto2h.vhdl
    Info (12022): Found design unit 1: orGate-structure1 File: C:/Quartus2h/ergasia2h(Part1)/proto2h.vhdl Line: 14
    Info (12022): Found design unit 2: andGate-structure2 File: C:/Quartus2h/ergasia2h(Part1)/proto2h.vhdl Line: 28
    Info (12022): Found design unit 3: ADD-structure3 File: C:/Quartus2h/ergasia2h(Part1)/proto2h.vhdl Line: 43
    Info (12022): Found design unit 4: notB-structure4 File: C:/Quartus2h/ergasia2h(Part1)/proto2h.vhdl Line: 61
    Info (12022): Found design unit 5: notA-structure5 File: C:/Quartus2h/ergasia2h(Part1)/proto2h.vhdl Line: 75
    Info (12022): Found design unit 6: xorGate-structure6 File: C:/Quartus2h/ergasia2h(Part1)/proto2h.vhdl Line: 89
    Info (12022): Found design unit 7: mux2a-structure7 File: C:/Quartus2h/ergasia2h(Part1)/proto2h.vhdl Line: 108
    Info (12022): Found design unit 8: mux2b-structure8 File: C:/Quartus2h/ergasia2h(Part1)/proto2h.vhdl Line: 127
    Info (12022): Found design unit 9: mux4-structure9 File: C:/Quartus2h/ergasia2h(Part1)/proto2h.vhdl Line: 149
    Info (12022): Found design unit 10: proto2h-structural File: C:/Quartus2h/ergasia2h(Part1)/proto2h.vhdl Line: 168
    Info (12023): Found entity 1: orGate File: C:/Quartus2h/ergasia2h(Part1)/proto2h.vhdl Line: 7
    Info (12023): Found entity 2: andGate File: C:/Quartus2h/ergasia2h(Part1)/proto2h.vhdl Line: 23
    Info (12023): Found entity 3: ADD File: C:/Quartus2h/ergasia2h(Part1)/proto2h.vhdl Line: 38
    Info (12023): Found entity 4: notB File: C:/Quartus2h/ergasia2h(Part1)/proto2h.vhdl Line: 56
    Info (12023): Found entity 5: notA File: C:/Quartus2h/ergasia2h(Part1)/proto2h.vhdl Line: 70
    Info (12023): Found entity 6: xorGate File: C:/Quartus2h/ergasia2h(Part1)/proto2h.vhdl Line: 84
    Info (12023): Found entity 7: mux2a File: C:/Quartus2h/ergasia2h(Part1)/proto2h.vhdl Line: 100
    Info (12023): Found entity 8: mux2b File: C:/Quartus2h/ergasia2h(Part1)/proto2h.vhdl Line: 119
    Info (12023): Found entity 9: mux4 File: C:/Quartus2h/ergasia2h(Part1)/proto2h.vhdl Line: 139
    Info (12023): Found entity 10: proto2h File: C:/Quartus2h/ergasia2h(Part1)/proto2h.vhdl Line: 162
Info (12127): Elaborating entity "proto2h" for the top level hierarchy
Info (12128): Elaborating entity "mux2a" for hierarchy "mux2a:MUX_2A" File: C:/Quartus2h/ergasia2h(Part1)/proto2h.vhdl Line: 221
Info (12128): Elaborating entity "mux2b" for hierarchy "mux2b:MUX_2B" File: C:/Quartus2h/ergasia2h(Part1)/proto2h.vhdl Line: 222
Info (12128): Elaborating entity "andGate" for hierarchy "andGate:AND1" File: C:/Quartus2h/ergasia2h(Part1)/proto2h.vhdl Line: 223
Info (12128): Elaborating entity "orGate" for hierarchy "orGate:OR1" File: C:/Quartus2h/ergasia2h(Part1)/proto2h.vhdl Line: 224
Info (12128): Elaborating entity "ADD" for hierarchy "ADD:ADD1" File: C:/Quartus2h/ergasia2h(Part1)/proto2h.vhdl Line: 225
Info (12128): Elaborating entity "xorGate" for hierarchy "xorGate:XOR1" File: C:/Quartus2h/ergasia2h(Part1)/proto2h.vhdl Line: 226
Info (12128): Elaborating entity "mux4" for hierarchy "mux4:MUX_4" File: C:/Quartus2h/ergasia2h(Part1)/proto2h.vhdl Line: 227
Info (21057): Implemented 14 device resources after synthesis - the final resource count might be different
    Info (21058): Implemented 7 input pins
    Info (21059): Implemented 2 output pins
    Info (21061): Implemented 5 logic cells
Info: Quartus Prime Analysis & Synthesis was successful. 0 errors, 1 warning
    Info: Peak virtual memory: 4758 megabytes
    Info: Processing ended: Fri May 28 17:39:19 2021
    Info: Elapsed time: 00:00:10
    Info: Total CPU time (on all processors): 00:00:26


